[2026-04-27T06:54:13.179Z] [INFO] Serwer uruchomiony, stała kwota: 58 609 596,00 zł
[2026-04-27T06:54:13.181Z] [INFO] Rozpoczynam inicjalizację przeglądarki Puppeteer...
[2026-04-27T06:54:13.810Z] [SUCCESS] Przeglądarka Puppeteer zainicjalizowana pomyślnie
[2026-04-27T06:54:13.811Z] [INFO] === Rozpoczęcie aktualizacji licznika ===
[2026-04-27T06:54:13.823Z] [INFO] Uruchamiam równoległe pobieranie danych z obu stron...
[2026-04-27T06:54:14.782Z] [INFO] Rozpoczynam pobieranie danych z siepomaga.pl...
[2026-04-27T06:54:15.134Z] [INFO] Rozpoczynam pobieranie danych z zrzutka.pl...
[2026-04-27T06:54:24.056Z] [INFO] Strona siepomaga.pl załadowana, oczekiwanie 5s...
[2026-04-27T06:54:24.082Z] [INFO] Strona zrzutka.pl załadowana, oczekiwanie 5s...
[2026-04-27T06:54:29.068Z] [INFO] Tytuł strony siepomaga.pl: "Skarbonka Pomagacza Łatwogang - Łatwogang x Cancer Fighters | Siepomaga.pl"
[2026-04-27T06:54:29.071Z] [SUCCESS] Pomyślnie pobrano z siepomaga.pl: 211 565 698,00 zł
[2026-04-27T06:54:29.115Z] [INFO] Zamknięto stronę siepomaga.pl
[2026-04-27T06:54:29.160Z] [SUCCESS] Pomyślnie pobrano z zrzutka.pl: 1 699 052,59 zł
[2026-04-27T06:54:29.213Z] [INFO] Zamknięto stronę zrzutka.pl
[2026-04-27T06:54:29.229Z] [INFO] WYNIKI - zrzutka: 1 699 052,59 zł, siepomaga: 211 565 698,00 zł, stała: 58 609 596,00 zł, RAZEM: 271 874 346,59 zł, czas: 15403ms
[2026-04-27T06:54:29.231Z] [INFO] Zapisano dane do counter.json: suma=271 874 346,59 zł
[2026-04-27T06:54:29.233Z] [SUCCESS] === Aktualizacja licznika zakończona pomyślnie ===
[2026-04-27T06:54:29.272Z] [INFO] Aktualizator licznika uruchomiony (interwał: 80s)
[2026-04-27T06:55:49.276Z] [INFO] Planowa aktualizacja o 08:55:49
[2026-04-27T06:55:49.279Z] [INFO] === Rozpoczęcie aktualizacji licznika ===
[2026-04-27T06:55:49.284Z] [INFO] Uruchamiam równoległe pobieranie danych z obu stron...
[2026-04-27T06:55:49.846Z] [INFO] Rozpoczynam pobieranie danych z zrzutka.pl...
[2026-04-27T06:55:49.865Z] [INFO] Rozpoczynam pobieranie danych z siepomaga.pl...
[2026-04-27T06:55:53.762Z] [INFO] Strona zrzutka.pl załadowana, oczekiwanie 5s...
[2026-04-27T06:55:54.521Z] [INFO] Strona siepomaga.pl załadowana, oczekiwanie 5s...
[2026-04-27T06:55:58.905Z] [WARNING] Nie znaleziono kwoty w dataLayer na zrzutka.pl
[2026-04-27T06:55:59.182Z] [INFO] Zamknięto stronę zrzutka.pl
[2026-04-27T06:55:59.537Z] [INFO] Tytuł strony siepomaga.pl: "Skarbonka Pomagacza Łatwogang - Łatwogang x Cancer Fighters | Siepomaga.pl"
[2026-04-27T06:55:59.540Z] [SUCCESS] Pomyślnie pobrano z siepomaga.pl: 211 577 535,00 zł
[2026-04-27T06:55:59.565Z] [INFO] Zamknięto stronę siepomaga.pl
[2026-04-27T06:55:59.584Z] [INFO] WYNIKI - zrzutka: 0,00 zł, siepomaga: 211 577 535,00 zł, stała: 58 609 596,00 zł, RAZEM: 270 187 131,00 zł, czas: 10295ms
[2026-04-27T06:55:59.589Z] [WARNING] UWAGA: Kwota z zrzutka.pl wynosi 0 - możliwy problem z pobieraniem danych
[2026-04-27T06:55:59.598Z] [INFO] Zapisano dane do counter.json: suma=270 187 131,00 zł
[2026-04-27T06:55:59.600Z] [SUCCESS] === Aktualizacja licznika zakończona pomyślnie ===
[2026-04-27T06:57:09.394Z] [INFO] Planowa aktualizacja o 08:57:09
[2026-04-27T06:57:09.519Z] [INFO] === Rozpoczęcie aktualizacji licznika ===
[2026-04-27T06:57:09.689Z] [INFO] Uruchamiam równoległe pobieranie danych z obu stron...
[2026-04-27T06:57:12.116Z] [INFO] Rozpoczynam pobieranie danych z zrzutka.pl...
[2026-04-27T06:57:12.204Z] [INFO] Rozpoczynam pobieranie danych z siepomaga.pl...
[2026-04-27T06:57:17.366Z] [INFO] Strona zrzutka.pl załadowana, oczekiwanie 5s...
[2026-04-27T06:57:17.379Z] [INFO] Strona siepomaga.pl załadowana, oczekiwanie 5s...
[2026-04-27T06:57:23.178Z] [WARNING] Nie znaleziono kwoty w dataLayer na zrzutka.pl
[2026-04-27T06:57:23.205Z] [INFO] Tytuł strony siepomaga.pl: "Skarbonka Pomagacza Łatwogang - Łatwogang x Cancer Fighters | Siepomaga.pl"
[2026-04-27T06:57:23.258Z] [INFO] Zamknięto stronę zrzutka.pl
[2026-04-27T06:57:23.261Z] [SUCCESS] Pomyślnie pobrano z siepomaga.pl: 211 586 281,00 zł
[2026-04-27T06:57:23.296Z] [INFO] Zamknięto stronę siepomaga.pl
[2026-04-27T06:57:23.311Z] [INFO] WYNIKI - zrzutka: 0,00 zł, siepomaga: 211 586 281,00 zł, stała: 58 609 596,00 zł, RAZEM: 270 195 877,00 zł, czas: 13780ms
[2026-04-27T06:57:23.314Z] [WARNING] UWAGA: Kwota z zrzutka.pl wynosi 0 - możliwy problem z pobieraniem danych
[2026-04-27T06:57:23.317Z] [INFO] Zapisano dane do counter.json: suma=270 195 877,00 zł
[2026-04-27T06:57:23.317Z] [SUCCESS] === Aktualizacja licznika zakończona pomyślnie ===
[2026-04-27T06:58:29.314Z] [INFO] Planowa aktualizacja o 08:58:29
[2026-04-27T06:58:29.316Z] [INFO] === Rozpoczęcie aktualizacji licznika ===
[2026-04-27T06:58:29.317Z] [INFO] Uruchamiam równoległe pobieranie danych z obu stron...
[2026-04-27T06:58:29.378Z] [INFO] Rozpoczynam pobieranie danych z zrzutka.pl...
[2026-04-27T06:58:30.096Z] [INFO] Rozpoczynam pobieranie danych z siepomaga.pl...
[2026-04-27T06:58:31.990Z] [INFO] Strona zrzutka.pl załadowana, oczekiwanie 5s...
[2026-04-27T06:58:34.290Z] [INFO] Strona siepomaga.pl załadowana, oczekiwanie 5s...
[2026-04-27T06:58:37.024Z] [WARNING] Nie znaleziono kwoty w dataLayer na zrzutka.pl
[2026-04-27T06:58:37.072Z] [INFO] Zamknięto stronę zrzutka.pl
[2026-04-27T06:58:39.365Z] [INFO] Tytuł strony siepomaga.pl: "Skarbonka Pomagacza Łatwogang - Łatwogang x Cancer Fighters | Siepomaga.pl"
[2026-04-27T06:58:39.367Z] [SUCCESS] Pomyślnie pobrano z siepomaga.pl: 211 594 015,00 zł
[2026-04-27T06:58:39.390Z] [INFO] Zamknięto stronę siepomaga.pl
[2026-04-27T06:58:39.396Z] [INFO] WYNIKI - zrzutka: 0,00 zł, siepomaga: 211 594 015,00 zł, stała: 58 609 596,00 zł, RAZEM: 270 203 611,00 zł, czas: 10075ms
[2026-04-27T06:58:39.397Z] [WARNING] UWAGA: Kwota z zrzutka.pl wynosi 0 - możliwy problem z pobieraniem danych
[2026-04-27T06:58:39.398Z] [INFO] Zapisano dane do counter.json: suma=270 203 611,00 zł
[2026-04-27T06:58:39.399Z] [SUCCESS] === Aktualizacja licznika zakończona pomyślnie ===
[2026-04-27T07:10:03.302Z] [INFO] Planowa aktualizacja o 09:10:03
[2026-04-27T07:10:03.303Z] [INFO] === Rozpoczęcie aktualizacji licznika ===
[2026-04-27T07:10:03.303Z] [INFO] Uruchamiam równoległe pobieranie danych z obu stron...
[2026-04-27T07:10:03.308Z] [INFO] Planowa aktualizacja o 09:10:03
[2026-04-27T07:10:03.308Z] [INFO] === Rozpoczęcie aktualizacji licznika ===
[2026-04-27T07:10:03.309Z] [INFO] Uruchamiam równoległe pobieranie danych z obu stron...
[2026-04-27T07:10:03.632Z] [INFO] Rozpoczynam pobieranie danych z zrzutka.pl...
[2026-04-27T07:10:04.225Z] [INFO] Otrzymano sygnał SIGINT - zamykanie aplikacji
[2026-04-27T07:10:12.280Z] [INFO] Serwer uruchomiony, stała kwota: 58 609 596,00 zł
[2026-04-27T07:10:12.283Z] [INFO] Rozpoczynam inicjalizację przeglądarki Puppeteer...
[2026-04-27T07:10:13.697Z] [SUCCESS] Przeglądarka Puppeteer zainicjalizowana pomyślnie
[2026-04-27T07:10:13.704Z] [INFO] === Rozpoczęcie aktualizacji licznika ===
[2026-04-27T07:10:13.706Z] [INFO] Uruchamiam równoległe pobieranie danych z obu stron...
[2026-04-27T07:10:14.154Z] [INFO] Rozpoczynam pobieranie danych z zrzutka.pl...
[2026-04-27T07:10:14.169Z] [INFO] Rozpoczynam pobieranie danych z siepomaga.pl...
[2026-04-27T07:10:16.878Z] [INFO] Strona zrzutka.pl załadowana, oczekiwanie 5s...
[2026-04-27T07:10:19.488Z] [INFO] Strona siepomaga.pl załadowana, oczekiwanie 5s...
[2026-04-27T07:10:22.011Z] [WARNING] Nie znaleziono kwoty w dataLayer na zrzutka.pl
[2026-04-27T07:10:22.026Z] [INFO] Zamknięto stronę zrzutka.pl
[2026-04-27T07:10:24.678Z] [INFO] Tytuł strony siepomaga.pl: "Skarbonka Pomagacza Łatwogang - Łatwogang x Cancer Fighters | Siepomaga.pl"
[2026-04-27T07:10:24.728Z] [SUCCESS] Pomyślnie pobrano z siepomaga.pl: 212 815 278,00 zł
[2026-04-27T07:10:24.789Z] [INFO] Zamknięto stronę siepomaga.pl
[2026-04-27T07:10:24.834Z] [INFO] WYNIKI - zrzutka: 0,00 zł, siepomaga: 212 815 278,00 zł, stała: 58 609 596,00 zł, RAZEM: 271 424 874,00 zł, czas: 11094ms
[2026-04-27T07:10:24.838Z] [WARNING] UWAGA: Kwota z zrzutka.pl wynosi 0 - możliwy problem z pobieraniem danych
[2026-04-27T07:10:24.848Z] [INFO] Zapisano dane do counter.json: suma=271 424 874,00 zł
[2026-04-27T07:10:24.850Z] [SUCCESS] === Aktualizacja licznika zakończona pomyślnie ===
[2026-04-27T07:10:24.854Z] [INFO] Aktualizator licznika uruchomiony (interwał: 80s)
[2026-04-27T07:11:44.858Z] [INFO] Planowa aktualizacja o 09:11:44
[2026-04-27T07:11:44.860Z] [INFO] === Rozpoczęcie aktualizacji licznika ===
[2026-04-27T07:11:44.860Z] [INFO] Uruchamiam równoległe pobieranie danych z obu stron...
[2026-04-27T07:11:45.331Z] [INFO] Rozpoczynam pobieranie danych z zrzutka.pl...
[2026-04-27T07:11:45.337Z] [INFO] Rozpoczynam pobieranie danych z siepomaga.pl...
[2026-04-27T07:11:49.425Z] [INFO] Strona siepomaga.pl załadowana, oczekiwanie 5s...
[2026-04-27T07:11:49.645Z] [INFO] Strona zrzutka.pl załadowana, oczekiwanie 5s...
[2026-04-27T07:11:54.465Z] [INFO] Tytuł strony siepomaga.pl: "Skarbonka Pomagacza Łatwogang - Łatwogang x Cancer Fighters | Siepomaga.pl"
[2026-04-27T07:11:54.470Z] [SUCCESS] Pomyślnie pobrano z siepomaga.pl: 212 827 097,00 zł
[2026-04-27T07:11:54.583Z] [INFO] Zamknięto stronę siepomaga.pl
[2026-04-27T07:11:54.652Z] [WARNING] Nie znaleziono kwoty w dataLayer na zrzutka.pl
[2026-04-27T07:11:54.691Z] [INFO] Zamknięto stronę zrzutka.pl
[2026-04-27T07:11:54.705Z] [INFO] WYNIKI - zrzutka: 0,00 zł, siepomaga: 212 827 097,00 zł, stała: 58 609 596,00 zł, RAZEM: 271 436 693,00 zł, czas: 9839ms
[2026-04-27T07:11:54.709Z] [WARNING] UWAGA: Kwota z zrzutka.pl wynosi 0 - możliwy problem z pobieraniem danych
[2026-04-27T07:11:54.713Z] [INFO] Zapisano dane do counter.json: suma=271 436 693,00 zł
[2026-04-27T07:11:54.717Z] [SUCCESS] === Aktualizacja licznika zakończona pomyślnie ===
[2026-04-27T07:13:04.859Z] [INFO] Planowa aktualizacja o 09:13:04
[2026-04-27T07:13:04.860Z] [INFO] === Rozpoczęcie aktualizacji licznika ===
[2026-04-27T07:13:04.861Z] [INFO] Uruchamiam równoległe pobieranie danych z obu stron...
[2026-04-27T07:13:04.963Z] [INFO] Rozpoczynam pobieranie danych z zrzutka.pl...
[2026-04-27T07:13:05.434Z] [INFO] Rozpoczynam pobieranie danych z siepomaga.pl...
[2026-04-27T07:13:08.660Z] [INFO] Strona zrzutka.pl załadowana, oczekiwanie 5s...
[2026-04-27T07:13:10.346Z] [INFO] Strona siepomaga.pl załadowana, oczekiwanie 5s...
[2026-04-27T07:13:13.960Z] [WARNING] Nie znaleziono kwoty w dataLayer na zrzutka.pl
[2026-04-27T07:13:14.148Z] [INFO] Zamknięto stronę zrzutka.pl
[2026-04-27T07:13:15.356Z] [INFO] Tytuł strony siepomaga.pl: "Skarbonka Pomagacza Łatwogang - Łatwogang x Cancer Fighters | Siepomaga.pl"
[2026-04-27T07:13:15.359Z] [SUCCESS] Pomyślnie pobrano z siepomaga.pl: 213 135 432,00 zł
[2026-04-27T07:13:15.384Z] [INFO] Zamknięto stronę siepomaga.pl
[2026-04-27T07:13:15.391Z] [INFO] WYNIKI - zrzutka: 0,00 zł, siepomaga: 213 135 432,00 zł, stała: 58 609 596,00 zł, RAZEM: 271 745 028,00 zł, czas: 10524ms
[2026-04-27T07:13:15.392Z] [WARNING] UWAGA: Kwota z zrzutka.pl wynosi 0 - możliwy problem z pobieraniem danych
[2026-04-27T07:13:15.394Z] [INFO] Zapisano dane do counter.json: suma=271 745 028,00 zł
[2026-04-27T07:13:15.395Z] [SUCCESS] === Aktualizacja licznika zakończona pomyślnie ===
[2026-04-27T07:14:24.871Z] [INFO] Planowa aktualizacja o 09:14:24
[2026-04-27T07:14:24.873Z] [INFO] === Rozpoczęcie aktualizacji licznika ===
[2026-04-27T07:14:24.874Z] [INFO] Uruchamiam równoległe pobieranie danych z obu stron...
[2026-04-27T07:14:25.103Z] [INFO] Rozpoczynam pobieranie danych z zrzutka.pl...
[2026-04-27T07:14:25.115Z] [INFO] Rozpoczynam pobieranie danych z siepomaga.pl...
[2026-04-27T07:14:27.734Z] [INFO] Strona zrzutka.pl załadowana, oczekiwanie 5s...
[2026-04-27T07:14:28.530Z] [INFO] Strona siepomaga.pl załadowana, oczekiwanie 5s...
[2026-04-27T07:14:33.183Z] [WARNING] Nie znaleziono kwoty w dataLayer na zrzutka.pl
[2026-04-27T07:14:34.320Z] [INFO] Zamknięto stronę zrzutka.pl
[2026-04-27T07:14:34.338Z] [INFO] Tytuł strony siepomaga.pl: "Skarbonka Pomagacza Łatwogang - Łatwogang x Cancer Fighters | Siepomaga.pl"
[2026-04-27T07:14:34.344Z] [SUCCESS] Pomyślnie pobrano z siepomaga.pl: 213 142 880,00 zł
[2026-04-27T07:14:34.386Z] [INFO] Zamknięto stronę siepomaga.pl
[2026-04-27T07:14:34.412Z] [INFO] WYNIKI - zrzutka: 0,00 zł, siepomaga: 213 142 880,00 zł, stała: 58 609 596,00 zł, RAZEM: 271 752 476,00 zł, czas: 9516ms
[2026-04-27T07:14:34.415Z] [WARNING] UWAGA: Kwota z zrzutka.pl wynosi 0 - możliwy problem z pobieraniem danych
[2026-04-27T07:14:34.419Z] [INFO] Zapisano dane do counter.json: suma=271 752 476,00 zł
[2026-04-27T07:14:34.421Z] [SUCCESS] === Aktualizacja licznika zakończona pomyślnie ===
[2026-04-27T07:15:44.871Z] [INFO] Planowa aktualizacja o 09:15:44
[2026-04-27T07:15:44.873Z] [INFO] === Rozpoczęcie aktualizacji licznika ===
[2026-04-27T07:15:44.874Z] [INFO] Uruchamiam równoległe pobieranie danych z obu stron...
[2026-04-27T07:15:45.437Z] [INFO] Rozpoczynam pobieranie danych z zrzutka.pl...
[2026-04-27T07:15:45.440Z] [INFO] Rozpoczynam pobieranie danych z siepomaga.pl...
[2026-04-27T07:15:48.245Z] [INFO] Strona zrzutka.pl załadowana, oczekiwanie 5s...
[2026-04-27T07:15:48.765Z] [INFO] Strona siepomaga.pl załadowana, oczekiwanie 5s...
[2026-04-27T07:15:53.261Z] [WARNING] Nie znaleziono kwoty w dataLayer na zrzutka.pl
[2026-04-27T07:15:53.295Z] [INFO] Zamknięto stronę zrzutka.pl
[2026-04-27T07:15:53.785Z] [INFO] Tytuł strony siepomaga.pl: "Skarbonka Pomagacza Łatwogang - Łatwogang x Cancer Fighters | Siepomaga.pl"
[2026-04-27T07:15:53.788Z] [SUCCESS] Pomyślnie pobrano z siepomaga.pl: 213 200 671,00 zł
[2026-04-27T07:15:53.805Z] [INFO] Zamknięto stronę siepomaga.pl
[2026-04-27T07:15:53.812Z] [INFO] WYNIKI - zrzutka: 0,00 zł, siepomaga: 213 200 671,00 zł, stała: 58 609 596,00 zł, RAZEM: 271 810 267,00 zł, czas: 8933ms
[2026-04-27T07:15:53.813Z] [WARNING] UWAGA: Kwota z zrzutka.pl wynosi 0 - możliwy problem z pobieraniem danych
[2026-04-27T07:15:53.815Z] [INFO] Zapisano dane do counter.json: suma=271 810 267,00 zł
[2026-04-27T07:15:53.816Z] [SUCCESS] === Aktualizacja licznika zakończona pomyślnie ===
[2026-04-27T07:17:04.876Z] [INFO] Planowa aktualizacja o 09:17:04
[2026-04-27T07:17:04.880Z] [INFO] === Rozpoczęcie aktualizacji licznika ===
[2026-04-27T07:17:04.881Z] [INFO] Uruchamiam równoległe pobieranie danych z obu stron...
[2026-04-27T07:17:05.188Z] [INFO] Rozpoczynam pobieranie danych z zrzutka.pl...
[2026-04-27T07:17:05.200Z] [INFO] Rozpoczynam pobieranie danych z siepomaga.pl...
[2026-04-27T07:19:02.067Z] [INFO] Serwer uruchomiony, stała kwota: 58 609 596,00 zł
[2026-04-27T07:19:02.068Z] [INFO] Rozpoczynam inicjalizację przeglądarki Puppeteer...
[2026-04-27T07:19:02.495Z] [SUCCESS] Przeglądarka Puppeteer zainicjalizowana pomyślnie
[2026-04-27T07:19:02.495Z] [INFO] === Rozpoczęcie aktualizacji licznika ===
[2026-04-27T07:19:02.499Z] [INFO] Uruchamiam równoległe pobieranie danych z obu stron...
[2026-04-27T07:19:02.776Z] [INFO] Rozpoczynam pobieranie danych z zrzutka.pl...
[2026-04-27T07:19:02.779Z] [INFO] Rozpoczynam pobieranie danych z siepomaga.pl...
[2026-04-27T07:19:06.141Z] [INFO] Otrzymano sygnał SIGINT - zamykanie aplikacji
[2026-04-27T07:19:09.839Z] [INFO] Serwer uruchomiony, stała kwota: 58 609 596,00 zł
[2026-04-27T07:19:09.841Z] [INFO] Rozpoczynam inicjalizację przeglądarki Puppeteer...
[2026-04-27T07:19:10.276Z] [SUCCESS] Przeglądarka Puppeteer zainicjalizowana pomyślnie
[2026-04-27T07:19:10.277Z] [INFO] === Rozpoczęcie aktualizacji licznika ===
[2026-04-27T07:19:10.280Z] [INFO] Uruchamiam równoległe pobieranie danych z obu stron...
[2026-04-27T07:19:10.560Z] [INFO] Rozpoczynam pobieranie danych z siepomaga.pl...
[2026-04-27T07:19:10.562Z] [INFO] Rozpoczynam pobieranie danych z zrzutka.pl...
[2026-04-27T07:19:14.127Z] [INFO] Strona siepomaga.pl załadowana, oczekiwanie 5s...
[2026-04-27T07:19:14.952Z] [INFO] Strona zrzutka.pl załadowana, oczekiwanie 5s...
[2026-04-27T07:19:19.131Z] [INFO] Tytuł strony siepomaga.pl: "Skarbonka Pomagacza Łatwogang - Łatwogang x Cancer Fighters | Siepomaga.pl"
[2026-04-27T07:19:19.136Z] [SUCCESS] Pomyślnie pobrano z siepomaga.pl: 213 220 864,00 zł
[2026-04-27T07:19:19.160Z] [INFO] Zamknięto stronę siepomaga.pl
[2026-04-27T07:19:19.963Z] [SUCCESS] Pomyślnie pobrano z zrzutka.pl: 1 700 350,59 zł
[2026-04-27T07:19:19.982Z] [INFO] Zamknięto stronę zrzutka.pl
[2026-04-27T07:19:19.992Z] [INFO] WYNIKI - zrzutka: 1 700 350,59 zł, siepomaga: 213 220 864,00 zł, stała: 58 609 596,00 zł, RAZEM: 273 530 810,59 zł, czas: 9707ms
[2026-04-27T07:19:19.994Z] [INFO] Zapisano dane do counter.json: suma=273 530 810,59 zł
[2026-04-27T07:19:19.995Z] [SUCCESS] === Aktualizacja licznika zakończona pomyślnie ===
[2026-04-27T07:19:19.996Z] [INFO] Aktualizator licznika uruchomiony (interwał: 80s)
[2026-04-27T07:20:40.011Z] [INFO] Planowa aktualizacja o 09:20:40
[2026-04-27T07:20:40.014Z] [INFO] === Rozpoczęcie aktualizacji licznika ===
[2026-04-27T07:20:40.014Z] [INFO] Uruchamiam równoległe pobieranie danych z obu stron...
[2026-04-27T07:20:40.211Z] [INFO] Rozpoczynam pobieranie danych z zrzutka.pl...
[2026-04-27T07:20:40.214Z] [INFO] Rozpoczynam pobieranie danych z siepomaga.pl...
[2026-04-27T07:20:41.716Z] [INFO] Strona zrzutka.pl załadowana, oczekiwanie 5s...
[2026-04-27T07:20:43.441Z] [INFO] Strona siepomaga.pl załadowana, oczekiwanie 5s...
[2026-04-27T07:20:46.724Z] [WARNING] Nie znaleziono kwoty w dataLayer na zrzutka.pl
[2026-04-27T07:20:46.736Z] [INFO] Zamknięto stronę zrzutka.pl
[2026-04-27T07:20:48.456Z] [INFO] Tytuł strony siepomaga.pl: "Skarbonka Pomagacza Łatwogang - Łatwogang x Cancer Fighters | Siepomaga.pl"
[2026-04-27T07:20:48.460Z] [SUCCESS] Pomyślnie pobrano z siepomaga.pl: 213 231 438,00 zł
[2026-04-27T07:20:48.477Z] [INFO] Zamknięto stronę siepomaga.pl
[2026-04-27T07:20:48.483Z] [INFO] WYNIKI - zrzutka: 0,00 zł, siepomaga: 213 231 438,00 zł, stała: 58 609 596,00 zł, RAZEM: 271 841 034,00 zł, czas: 8464ms
[2026-04-27T07:20:48.484Z] [WARNING] UWAGA: Kwota z zrzutka.pl wynosi 0 - możliwy problem z pobieraniem danych
[2026-04-27T07:20:48.485Z] [INFO] Zapisano dane do counter.json: suma=271 841 034,00 zł
[2026-04-27T07:20:48.486Z] [SUCCESS] === Aktualizacja licznika zakończona pomyślnie ===
[2026-04-27T07:22:00.026Z] [INFO] Planowa aktualizacja o 09:22:00
[2026-04-27T07:22:00.028Z] [INFO] === Rozpoczęcie aktualizacji licznika ===
[2026-04-27T07:22:00.029Z] [INFO] Uruchamiam równoległe pobieranie danych z obu stron...
[2026-04-27T07:22:00.349Z] [INFO] Rozpoczynam pobieranie danych z zrzutka.pl...
[2026-04-27T07:22:00.360Z] [INFO] Rozpoczynam pobieranie danych z siepomaga.pl...
[2026-04-27T07:22:02.501Z] [INFO] Strona siepomaga.pl załadowana, oczekiwanie 5s...
[2026-04-27T07:22:03.558Z] [INFO] Strona zrzutka.pl załadowana, oczekiwanie 5s...
[2026-04-27T07:22:07.507Z] [INFO] Tytuł strony siepomaga.pl: "Skarbonka Pomagacza Łatwogang - Łatwogang x Cancer Fighters | Siepomaga.pl"
[2026-04-27T07:22:07.510Z] [SUCCESS] Pomyślnie pobrano z siepomaga.pl: 213 243 169,00 zł
[2026-04-27T07:22:07.526Z] [INFO] Zamknięto stronę siepomaga.pl
[2026-04-27T07:22:08.563Z] [WARNING] Nie znaleziono kwoty w dataLayer na zrzutka.pl
[2026-04-27T07:22:08.575Z] [INFO] Zamknięto stronę zrzutka.pl
[2026-04-27T07:22:08.587Z] [INFO] WYNIKI - zrzutka: 0,00 zł, siepomaga: 213 243 169,00 zł, stała: 58 609 596,00 zł, RAZEM: 271 852 765,00 zł, czas: 8553ms
[2026-04-27T07:22:08.588Z] [WARNING] UWAGA: Kwota z zrzutka.pl wynosi 0 - możliwy problem z pobieraniem danych
[2026-04-27T07:22:08.590Z] [INFO] Zapisano dane do counter.json: suma=271 852 765,00 zł
[2026-04-27T07:22:08.591Z] [SUCCESS] === Aktualizacja licznika zakończona pomyślnie ===
[2026-04-27T07:23:20.028Z] [INFO] Planowa aktualizacja o 09:23:20
[2026-04-27T07:23:20.029Z] [INFO] === Rozpoczęcie aktualizacji licznika ===
[2026-04-27T07:23:20.030Z] [INFO] Uruchamiam równoległe pobieranie danych z obu stron...
[2026-04-27T07:23:20.365Z] [INFO] Rozpoczynam pobieranie danych z zrzutka.pl...
[2026-04-27T07:23:20.448Z] [INFO] Rozpoczynam pobieranie danych z siepomaga.pl...
[2026-04-27T07:23:22.333Z] [INFO] Strona zrzutka.pl załadowana, oczekiwanie 5s...
[2026-04-27T07:23:23.543Z] [INFO] Strona siepomaga.pl załadowana, oczekiwanie 5s...
[2026-04-27T07:23:27.451Z] [WARNING] Nie znaleziono kwoty w dataLayer na zrzutka.pl
[2026-04-27T07:23:27.563Z] [INFO] Zamknięto stronę zrzutka.pl
[2026-04-27T07:23:28.560Z] [INFO] Tytuł strony siepomaga.pl: "Skarbonka Pomagacza Łatwogang - Łatwogang x Cancer Fighters | Siepomaga.pl"
[2026-04-27T07:23:28.581Z] [SUCCESS] Pomyślnie pobrano z siepomaga.pl: 213 249 162,00 zł
[2026-04-27T07:23:28.698Z] [INFO] Zamknięto stronę siepomaga.pl
[2026-04-27T07:23:28.724Z] [INFO] WYNIKI - zrzutka: 0,00 zł, siepomaga: 213 249 162,00 zł, stała: 58 609 596,00 zł, RAZEM: 271 858 758,00 zł, czas: 8677ms
[2026-04-27T07:23:28.728Z] [WARNING] UWAGA: Kwota z zrzutka.pl wynosi 0 - możliwy problem z pobieraniem danych
[2026-04-27T07:23:28.732Z] [INFO] Zapisano dane do counter.json: suma=271 858 758,00 zł
[2026-04-27T07:23:28.732Z] [SUCCESS] === Aktualizacja licznika zakończona pomyślnie ===
[2026-04-27T07:24:40.039Z] [INFO] Planowa aktualizacja o 09:24:40
[2026-04-27T07:24:40.041Z] [INFO] === Rozpoczęcie aktualizacji licznika ===
[2026-04-27T07:24:40.042Z] [INFO] Uruchamiam równoległe pobieranie danych z obu stron...
[2026-04-27T07:24:40.138Z] [INFO] Rozpoczynam pobieranie danych z zrzutka.pl...
[2026-04-27T07:24:40.589Z] [INFO] Rozpoczynam pobieranie danych z siepomaga.pl...
[2026-04-27T07:24:43.098Z] [INFO] Strona siepomaga.pl załadowana, oczekiwanie 5s...
[2026-04-27T07:24:44.169Z] [INFO] Strona zrzutka.pl załadowana, oczekiwanie 5s...
[2026-04-27T07:24:48.105Z] [INFO] Tytuł strony siepomaga.pl: "Skarbonka Pomagacza Łatwogang - Łatwogang x Cancer Fighters | Siepomaga.pl"
[2026-04-27T07:24:48.111Z] [SUCCESS] Pomyślnie pobrano z siepomaga.pl: 213 258 152,00 zł
[2026-04-27T07:24:48.129Z] [INFO] Zamknięto stronę siepomaga.pl
[2026-04-27T07:24:49.181Z] [WARNING] Nie znaleziono kwoty w dataLayer na zrzutka.pl
[2026-04-27T07:24:49.200Z] [INFO] Zamknięto stronę zrzutka.pl
[2026-04-27T07:24:49.214Z] [INFO] WYNIKI - zrzutka: 0,00 zł, siepomaga: 213 258 152,00 zł, stała: 58 609 596,00 zł, RAZEM: 271 867 748,00 zł, czas: 9164ms
[2026-04-27T07:24:49.215Z] [WARNING] UWAGA: Kwota z zrzutka.pl wynosi 0 - możliwy problem z pobieraniem danych
[2026-04-27T07:24:49.217Z] [INFO] Zapisano dane do counter.json: suma=271 867 748,00 zł
[2026-04-27T07:24:49.218Z] [SUCCESS] === Aktualizacja licznika zakończona pomyślnie ===
[2026-04-27T07:26:00.045Z] [INFO] Planowa aktualizacja o 09:26:00
[2026-04-27T07:26:00.047Z] [INFO] === Rozpoczęcie aktualizacji licznika ===
[2026-04-27T07:26:00.048Z] [INFO] Uruchamiam równoległe pobieranie danych z obu stron...
[2026-04-27T07:26:00.197Z] [INFO] Rozpoczynam pobieranie danych z zrzutka.pl...
[2026-04-27T07:26:00.224Z] [INFO] Rozpoczynam pobieranie danych z siepomaga.pl...
[2026-04-27T07:26:03.099Z] [INFO] Strona siepomaga.pl załadowana, oczekiwanie 5s...
[2026-04-27T07:26:03.381Z] [INFO] Strona zrzutka.pl załadowana, oczekiwanie 5s...
[2026-04-27T07:26:08.111Z] [INFO] Tytuł strony siepomaga.pl: "Skarbonka Pomagacza Łatwogang - Łatwogang x Cancer Fighters | Siepomaga.pl"
[2026-04-27T07:26:08.115Z] [SUCCESS] Pomyślnie pobrano z siepomaga.pl: 213 265 940,00 zł
[2026-04-27T07:26:08.146Z] [INFO] Zamknięto stronę siepomaga.pl
[2026-04-27T07:26:08.396Z] [WARNING] Nie znaleziono kwoty w dataLayer na zrzutka.pl
[2026-04-27T07:26:08.412Z] [INFO] Zamknięto stronę zrzutka.pl
[2026-04-27T07:26:08.436Z] [INFO] WYNIKI - zrzutka: 0,00 zł, siepomaga: 213 265 940,00 zł, stała: 58 609 596,00 zł, RAZEM: 271 875 536,00 zł, czas: 8382ms
[2026-04-27T07:26:08.436Z] [WARNING] UWAGA: Kwota z zrzutka.pl wynosi 0 - możliwy problem z pobieraniem danych
[2026-04-27T07:26:08.439Z] [INFO] Zapisano dane do counter.json: suma=271 875 536,00 zł
[2026-04-27T07:26:08.440Z] [SUCCESS] === Aktualizacja licznika zakończona pomyślnie ===
[2026-04-27T07:27:20.053Z] [INFO] Planowa aktualizacja o 09:27:20
[2026-04-27T07:27:20.055Z] [INFO] === Rozpoczęcie aktualizacji licznika ===
[2026-04-27T07:27:20.068Z] [INFO] Uruchamiam równoległe pobieranie danych z obu stron...
[2026-04-27T07:27:20.869Z] [INFO] Rozpoczynam pobieranie danych z zrzutka.pl...
[2026-04-27T07:27:20.875Z] [INFO] Rozpoczynam pobieranie danych z siepomaga.pl...
[2026-04-27T07:27:22.404Z] [INFO] Strona zrzutka.pl załadowana, oczekiwanie 5s...
[2026-04-27T07:27:24.117Z] [INFO] Strona siepomaga.pl załadowana, oczekiwanie 5s...
[2026-04-27T07:27:27.420Z] [WARNING] Nie znaleziono kwoty w dataLayer na zrzutka.pl
[2026-04-27T07:27:27.460Z] [INFO] Zamknięto stronę zrzutka.pl
[2026-04-27T07:27:29.120Z] [INFO] Tytuł strony siepomaga.pl: "Skarbonka Pomagacza Łatwogang - Łatwogang x Cancer Fighters | Siepomaga.pl"
[2026-04-27T07:27:29.124Z] [SUCCESS] Pomyślnie pobrano z siepomaga.pl: 213 274 494,00 zł
[2026-04-27T07:27:29.139Z] [INFO] Zamknięto stronę siepomaga.pl
[2026-04-27T07:27:29.145Z] [INFO] WYNIKI - zrzutka: 0,00 zł, siepomaga: 213 274 494,00 zł, stała: 58 609 596,00 zł, RAZEM: 271 884 090,00 zł, czas: 9084ms
[2026-04-27T07:27:29.146Z] [WARNING] UWAGA: Kwota z zrzutka.pl wynosi 0 - możliwy problem z pobieraniem danych
[2026-04-27T07:27:29.149Z] [INFO] Zapisano dane do counter.json: suma=271 884 090,00 zł
[2026-04-27T07:27:29.149Z] [SUCCESS] === Aktualizacja licznika zakończona pomyślnie ===
[2026-04-27T07:28:40.066Z] [INFO] Planowa aktualizacja o 09:28:40
[2026-04-27T07:28:40.074Z] [INFO] === Rozpoczęcie aktualizacji licznika ===
[2026-04-27T07:28:40.078Z] [INFO] Uruchamiam równoległe pobieranie danych z obu stron...
[2026-04-27T07:28:40.545Z] [INFO] Rozpoczynam pobieranie danych z zrzutka.pl...
[2026-04-27T07:28:40.551Z] [INFO] Rozpoczynam pobieranie danych z siepomaga.pl...
[2026-04-27T07:28:42.016Z] [INFO] Strona zrzutka.pl załadowana, oczekiwanie 5s...
[2026-04-27T07:28:43.512Z] [INFO] Strona siepomaga.pl załadowana, oczekiwanie 5s...
[2026-04-27T07:28:47.027Z] [WARNING] Nie znaleziono kwoty w dataLayer na zrzutka.pl
[2026-04-27T07:28:47.036Z] [INFO] Zamknięto stronę zrzutka.pl
[2026-04-27T07:28:48.523Z] [INFO] Tytuł strony siepomaga.pl: "Skarbonka Pomagacza Łatwogang - Łatwogang x Cancer Fighters | Siepomaga.pl"
[2026-04-27T07:28:48.526Z] [SUCCESS] Pomyślnie pobrano z siepomaga.pl: 213 282 688,00 zł
[2026-04-27T07:28:48.542Z] [INFO] Zamknięto stronę siepomaga.pl
[2026-04-27T07:28:48.553Z] [INFO] WYNIKI - zrzutka: 0,00 zł, siepomaga: 213 282 688,00 zł, stała: 58 609 596,00 zł, RAZEM: 271 892 284,00 zł, czas: 8468ms
[2026-04-27T07:28:48.553Z] [WARNING] UWAGA: Kwota z zrzutka.pl wynosi 0 - możliwy problem z pobieraniem danych
[2026-04-27T07:28:48.557Z] [INFO] Zapisano dane do counter.json: suma=271 892 284,00 zł
[2026-04-27T07:28:48.557Z] [SUCCESS] === Aktualizacja licznika zakończona pomyślnie ===
